<?xml version="1.0" encoding="UTF-8"?>
<!-- Generated by org.testng.reporters.JUnitXMLReporter -->
<testsuite hostname="DESKTOP-TJL65OO" failures="0" tests="5" name="Test" time="0.431" errors="0" timestamp="12 Feb 2021 00:31:40 GMT">
  <testcase classname="testrunner" name="" time="0.005"/>
  <testcase classname="testrunner" name="" time="0.001"/>
  <testcase classname="testrunner" name="" time="0.003"/>
  <testcase classname="testrunner" name="" time="0.001"/>
  <testcase classname="testrunner" name="" time="0.0"/>
</testsuite> <!-- Test -->
