<?xml version="1.0" encoding="UTF-8"?>
<!-- Generated by org.testng.reporters.JUnitXMLReporter -->
<testsuite hostname="DESKTOP-TJL65OO" failures="0" tests="5" name="Test" time="0.331" errors="0" timestamp="10 Feb 2021 00:44:56 GMT">
  <testcase classname="testrunner" name="" time="0.008"/>
  <testcase classname="testrunner" name="" time="0.001"/>
  <testcase classname="testrunner" name="" time="0.001"/>
  <testcase classname="testrunner" name="" time="0.002"/>
  <testcase classname="testrunner" name="" time="0.001"/>
</testsuite> <!-- Test -->
