<?xml version="1.0" encoding="UTF-8"?>
<!-- Generated by org.testng.reporters.JUnitXMLReporter -->
<testsuite hostname="DESKTOP-TJL65OO" failures="0" tests="11" name="Default test" time="659.315" errors="0" timestamp="13 Feb 2021 03:03:13 GMT">
  <testcase classname="testrunner" name="" time="8.12"/>
  <testcase classname="testrunner" name="" time="299.037"/>
  <testcase classname="testrunner" name="" time="99.654"/>
  <testcase classname="testrunner" name="" time="33.332"/>
  <testcase classname="testrunner" name="" time="25.28"/>
  <testcase classname="testrunner" name="" time="25.226"/>
  <testcase classname="testrunner" name="" time="25.302"/>
  <testcase classname="testrunner" name="" time="25.321"/>
  <testcase classname="testrunner" name="" time="38.408"/>
  <testcase classname="testrunner" name="" time="52.586"/>
  <testcase classname="testrunner" name="" time="26.712"/>
</testsuite> <!-- Default test -->
